# JRE version: OpenJDK Runtime Environment (17.0.7) (build 17.0.7+0-b2043.56-10550314)
# Java VM: OpenJDK 64-Bit Server VM (17.0.7+0-b2043.56-10550314, mixed mode, tiered, compressed oops, compressed class ptrs, g1 gc, windows-amd64)
GC Precious Log:
 CPUs: 8 total, 8 available
 Memory: 16075M
 Large Page Support: Disabled
 NUMA Support: Disabled
 Compressed Oops: Enabled (Zero based)
 Heap Region Size: 2M
 Heap Min Capacity: 8M
 Heap Initial Capacity: 252M
 Heap Max Capacity: 4G
 Pre-touch: Disabled
 Parallel Workers: 8
 Concurrent Workers: 2
 Concurrent Refinement Workers: 8
 Periodic GC: Disabled
Heap:
 garbage-first heap   total 450560K, used 208380K [0x0000000700000000, 0x0000000800000000)
  region size 2048K, 36 young (73728K), 2 survivors (4096K)
 Metaspace       used 134101K, committed 134848K, reserved 1179648K
  class space    used 17384K, committed 17728K, reserved 1048576K
GC Heap History (20 events):
Event: 147.034 GC heap before
{Heap before GC invocations=33 (full 0):
 garbage-first heap   total 200704K, used 123953K [0x0000000700000000, 0x0000000800000000)
  region size 2048K, 18 young (36864K), 5 survivors (10240K)
 Metaspace       used 104276K, committed 105024K, reserved 1179648K
  class space    used 14260K, committed 14592K, reserved 1048576K
}
Event: 147.073 GC heap after
{Heap after GC invocations=34 (full 0):
 garbage-first heap   total 200704K, used 103156K [0x0000000700000000, 0x0000000800000000)
  region size 2048K, 2 young (4096K), 2 survivors (4096K)
 Metaspace       used 104276K, committed 105024K, reserved 1179648K
  class space    used 14260K, committed 14592K, reserved 1048576K
}
Event: 148.880 GC heap before
{Heap before GC invocations=35 (full 0):
 garbage-first heap   total 204800K, used 166644K [0x0000000700000000, 0x0000000800000000)
  region size 2048K, 27 young (55296K), 2 survivors (4096K)
 Metaspace       used 109440K, committed 110208K, reserved 1179648K
  class space    used 14762K, committed 15104K, reserved 1048576K
}
Event: 148.893 GC heap after
{Heap after GC invocations=36 (full 0):
 garbage-first heap   total 204800K, used 105998K [0x0000000700000000, 0x0000000800000000)
  region size 2048K, 3 young (6144K), 3 survivors (6144K)
 Metaspace       used 109440K, committed 110208K, reserved 1179648K
  class space    used 14762K, committed 15104K, reserved 1048576K
}
Event: 149.826 GC heap before
{Heap before GC invocations=36 (full 0):
 garbage-first heap   total 204800K, used 132622K [0x0000000700000000, 0x0000000800000000)
  region size 2048K, 17 young (34816K), 3 survivors (6144K)
 Metaspace       used 112828K, committed 113536K, reserved 1179648K
  class space    used 15168K, committed 15488K, reserved 1048576K
}
Event: 149.837 GC heap after
{Heap after GC invocations=37 (full 0):
 garbage-first heap   total 204800K, used 107055K [0x0000000700000000, 0x0000000800000000)
  region size 2048K, 3 young (6144K), 3 survivors (6144K)
 Metaspace       used 112828K, committed 113536K, reserved 1179648K
  class space    used 15168K, committed 15488K, reserved 1048576K
}
Event: 151.832 GC heap before
{Heap before GC invocations=38 (full 0):
 garbage-first heap   total 204800K, used 170543K [0x0000000700000000, 0x0000000800000000)
  region size 2048K, 31 young (63488K), 3 survivors (6144K)
 Metaspace       used 118007K, committed 118720K, reserved 1179648K
  class space    used 15825K, committed 16128K, reserved 1048576K
}
Event: 151.846 GC heap after
{Heap after GC invocations=39 (full 0):
 garbage-first heap   total 204800K, used 116821K [0x0000000700000000, 0x0000000800000000)
  region size 2048K, 3 young (6144K), 3 survivors (6144K)
 Metaspace       used 118007K, committed 118720K, reserved 1179648K
  class space    used 15825K, committed 16128K, reserved 1048576K
}
Event: 153.849 GC heap before
{Heap before GC invocations=39 (full 0):
 garbage-first heap   total 204800K, used 168021K [0x0000000700000000, 0x0000000800000000)
  region size 2048K, 28 young (57344K), 3 survivors (6144K)
 Metaspace       used 121260K, committed 121984K, reserved 1179648K
  class space    used 16190K, committed 16512K, reserved 1048576K
}
Event: 153.868 GC heap after
{Heap after GC invocations=40 (full 0):
 garbage-first heap   total 204800K, used 118942K [0x0000000700000000, 0x0000000800000000)
  region size 2048K, 4 young (8192K), 4 survivors (8192K)
 Metaspace       used 121260K, committed 121984K, reserved 1179648K
  class space    used 16190K, committed 16512K, reserved 1048576K
}
Event: 155.796 GC heap before
{Heap before GC invocations=41 (full 0):
 garbage-first heap   total 223232K, used 168094K [0x0000000700000000, 0x0000000800000000)
  region size 2048K, 28 young (57344K), 4 survivors (8192K)
 Metaspace       used 124721K, committed 125440K, reserved 1179648K
  class space    used 16606K, committed 16896K, reserved 1048576K
}
Event: 155.815 GC heap after
{Heap after GC invocations=42 (full 0):
 garbage-first heap   total 223232K, used 122641K [0x0000000700000000, 0x0000000800000000)
  region size 2048K, 3 young (6144K), 3 survivors (6144K)
 Metaspace       used 124721K, committed 125440K, reserved 1179648K
  class space    used 16606K, committed 16896K, reserved 1048576K
}
Event: 158.023 GC heap before
{Heap before GC invocations=42 (full 0):
 garbage-first heap   total 223232K, used 182033K [0x0000000700000000, 0x0000000800000000)
  region size 2048K, 32 young (65536K), 3 survivors (6144K)
 Metaspace       used 129606K, committed 130432K, reserved 1179648K
  class space    used 17058K, committed 17408K, reserved 1048576K
}
Event: 158.045 GC heap after
{Heap after GC invocations=43 (full 0):
 garbage-first heap   total 223232K, used 127606K [0x0000000700000000, 0x0000000800000000)
  region size 2048K, 4 young (8192K), 4 survivors (8192K)
 Metaspace       used 129606K, committed 130432K, reserved 1179648K
  class space    used 17058K, committed 17408K, reserved 1048576K
}
Event: 159.584 GC heap before
{Heap before GC invocations=44 (full 0):
 garbage-first heap   total 225280K, used 182902K [0x0000000700000000, 0x0000000800000000)
  region size 2048K, 31 young (63488K), 4 survivors (8192K)
 Metaspace       used 130244K, committed 131008K, reserved 1179648K
  class space    used 17110K, committed 17408K, reserved 1048576K
}
Event: 159.615 GC heap after
{Heap after GC invocations=45 (full 0):
 garbage-first heap   total 225280K, used 138081K [0x0000000700000000, 0x0000000800000000)
  region size 2048K, 4 young (8192K), 4 survivors (8192K)
 Metaspace       used 130244K, committed 131008K, reserved 1179648K
  class space    used 17110K, committed 17408K, reserved 1048576K
}
Event: 159.636 GC heap before
{Heap before GC invocations=45 (full 0):
 garbage-first heap   total 225280K, used 140129K [0x0000000700000000, 0x0000000800000000)
  region size 2048K, 5 young (10240K), 4 survivors (8192K)
 Metaspace       used 130254K, committed 131008K, reserved 1179648K
  class space    used 17110K, committed 17408K, reserved 1048576K
}
Event: 159.646 GC heap after
{Heap after GC invocations=46 (full 0):
 garbage-first heap   total 225280K, used 138163K [0x0000000700000000, 0x0000000800000000)
  region size 2048K, 1 young (2048K), 1 survivors (2048K)
 Metaspace       used 130254K, committed 131008K, reserved 1179648K
  class space    used 17110K, committed 17408K, reserved 1048576K
}
Event: 160.613 GC heap before
{Heap before GC invocations=46 (full 0):
 garbage-first heap   total 225280K, used 185267K [0x0000000700000000, 0x0000000800000000)
  region size 2048K, 24 young (49152K), 1 survivors (2048K)
 Metaspace       used 130739K, committed 131520K, reserved 1179648K
  class space    used 17144K, committed 17472K, reserved 1048576K
}
Event: 160.623 GC heap after
{Heap after GC invocations=47 (full 0):
 garbage-first heap   total 450560K, used 140796K [0x0000000700000000, 0x0000000800000000)
  region size 2048K, 2 young (4096K), 2 survivors (4096K)
 Metaspace       used 130739K, committed 131520K, reserved 1179648K
  class space    used 17144K, committed 17472K, reserved 1048576K
}

